<?xml version="1.0" encoding="UTF-8"?>
<coverage generated="1538046194687" clover="3.2.0">
  <project timestamp="1538046194688" name="All files">
    <metrics statements="66" coveredstatements="66" conditionals="4" coveredconditionals="4" methods="43" coveredmethods="43" elements="113" coveredelements="113" complexity="0" loc="66" ncloc="66" packages="3" files="9" classes="9">
      <package name="behavioral">
        <metrics statements="23" coveredstatements="23" conditionals="2" coveredconditionals="2" methods="17" coveredmethods="17"/>
        <file name="observer.js" path="C:\repos\workspace\designPatterns\src\behavioral\observer.js">
          <metrics statements="5" coveredstatements="5" conditionals="0" coveredconditionals="0" methods="6" coveredmethods="6"/>
          <line num="3" count="1" type="stmt"/>
          <line num="7" count="2" type="stmt"/>
          <line num="10" count="2" type="stmt"/>
          <line num="16" count="2" type="stmt"/>
          <line num="19" count="2" type="stmt"/>
        </file>
        <file name="state.js" path="C:\repos\workspace\designPatterns\src\behavioral\state.js">
          <metrics statements="8" coveredstatements="8" conditionals="2" coveredconditionals="2" methods="6" coveredmethods="6"/>
          <line num="3" count="4" type="stmt"/>
          <line num="6" count="2" type="cond" truecount="2" falsecount="0"/>
          <line num="7" count="1" type="stmt"/>
          <line num="9" count="1" type="stmt"/>
          <line num="13" count="1" type="stmt"/>
          <line num="16" count="1" type="stmt"/>
          <line num="22" count="1" type="stmt"/>
          <line num="28" count="1" type="stmt"/>
        </file>
        <file name="strategy.js" path="C:\repos\workspace\designPatterns\src\behavioral\strategy.js">
          <metrics statements="10" coveredstatements="10" conditionals="0" coveredconditionals="0" methods="5" coveredmethods="5"/>
          <line num="1" count="1" type="stmt"/>
          <line num="2" count="1" type="stmt"/>
          <line num="7" count="3" type="stmt"/>
          <line num="10" count="3" type="stmt"/>
          <line num="18" count="1" type="stmt"/>
          <line num="19" count="1" type="stmt"/>
          <line num="25" count="1" type="stmt"/>
          <line num="26" count="1" type="stmt"/>
          <line num="32" count="1" type="stmt"/>
          <line num="33" count="1" type="stmt"/>
        </file>
      </package>
      <package name="creational">
        <metrics statements="31" coveredstatements="31" conditionals="2" coveredconditionals="2" methods="12" coveredmethods="12"/>
        <file name="builder.js" path="C:\repos\workspace\designPatterns\src\creational\builder.js">
          <metrics statements="13" coveredstatements="13" conditionals="0" coveredconditionals="0" methods="6" coveredmethods="6"/>
          <line num="3" count="2" type="stmt"/>
          <line num="4" count="2" type="stmt"/>
          <line num="5" count="2" type="stmt"/>
          <line num="6" count="2" type="stmt"/>
          <line num="10" count="1" type="stmt"/>
          <line num="11" count="1" type="stmt"/>
          <line num="14" count="1" type="stmt"/>
          <line num="15" count="1" type="stmt"/>
          <line num="18" count="1" type="stmt"/>
          <line num="19" count="1" type="stmt"/>
          <line num="22" count="1" type="stmt"/>
          <line num="23" count="1" type="stmt"/>
          <line num="27" count="2" type="stmt"/>
        </file>
        <file name="factory.js" path="C:\repos\workspace\designPatterns\src\creational\factory.js">
          <metrics statements="7" coveredstatements="7" conditionals="0" coveredconditionals="0" methods="2" coveredmethods="2"/>
          <line num="3" count="2" type="stmt"/>
          <line num="5" count="2" type="stmt"/>
          <line num="6" count="2" type="stmt"/>
          <line num="7" count="2" type="stmt"/>
          <line num="8" count="2" type="stmt"/>
          <line num="9" count="1" type="stmt"/>
          <line num="12" count="2" type="stmt"/>
        </file>
        <file name="prototype.js" path="C:\repos\workspace\designPatterns\src\creational\prototype.js">
          <metrics statements="5" coveredstatements="5" conditionals="0" coveredconditionals="0" methods="2" coveredmethods="2"/>
          <line num="1" count="1" type="stmt"/>
          <line num="2" count="1" type="stmt"/>
          <line num="3" count="1" type="stmt"/>
          <line num="6" count="1" type="stmt"/>
          <line num="8" count="1" type="stmt"/>
        </file>
        <file name="singleton.js" path="C:\repos\workspace\designPatterns\src\creational\singleton.js">
          <metrics statements="6" coveredstatements="6" conditionals="2" coveredconditionals="2" methods="2" coveredmethods="2"/>
          <line num="1" count="1" type="stmt"/>
          <line num="2" count="1" type="stmt"/>
          <line num="4" count="1" type="stmt"/>
          <line num="6" count="2" type="cond" truecount="2" falsecount="0"/>
          <line num="7" count="1" type="stmt"/>
          <line num="8" count="2" type="stmt"/>
        </file>
      </package>
      <package name="structural">
        <metrics statements="12" coveredstatements="12" conditionals="0" coveredconditionals="0" methods="14" coveredmethods="14"/>
        <file name="composite.js" path="C:\repos\workspace\designPatterns\src\structural\composite.js">
          <metrics statements="6" coveredstatements="6" conditionals="0" coveredconditionals="0" methods="8" coveredmethods="8"/>
          <line num="3" count="1" type="stmt"/>
          <line num="6" count="2" type="stmt"/>
          <line num="12" count="2" type="stmt"/>
          <line num="15" count="6" type="stmt"/>
          <line num="21" count="6" type="stmt"/>
          <line num="24" count="6" type="stmt"/>
        </file>
        <file name="decorator.js" path="C:\repos\workspace\designPatterns\src\structural\decorator.js">
          <metrics statements="6" coveredstatements="6" conditionals="0" coveredconditionals="0" methods="6" coveredmethods="6"/>
          <line num="3" count="1" type="stmt"/>
          <line num="6" count="1" type="stmt"/>
          <line num="14" count="3" type="stmt"/>
          <line num="17" count="1" type="stmt"/>
          <line num="20" count="1" type="stmt"/>
          <line num="23" count="1" type="stmt"/>
        </file>
      </package>
    </metrics>
  </project>
</coverage>
