TN:
SF:C:\repos\workspace\designPatterns\src\revealingModulePattern.js
FN:1,(anonymous_0)
FN:3,(anonymous_1)
FN:6,(anonymous_2)
FN:9,(anonymous_3)
FNF:4
FNH:4
FNDA:1,(anonymous_0)
FNDA:1,(anonymous_1)
FNDA:1,(anonymous_2)
FNDA:2,(anonymous_3)
DA:1,1
DA:2,1
DA:3,1
DA:4,1
DA:6,1
DA:7,1
DA:9,1
DA:10,2
DA:12,1
LF:9
LH:9
BRF:0
BRH:0
end_of_record
TN:
SF:C:\repos\workspace\designPatterns\src\behavioral\observer.js
FN:2,(anonymous_0)
FN:6,(anonymous_1)
FN:9,(anonymous_2)
FN:10,(anonymous_3)
FN:15,(anonymous_4)
FN:18,(anonymous_5)
FNF:6
FNH:6
FNDA:1,(anonymous_0)
FNDA:2,(anonymous_1)
FNDA:1,(anonymous_2)
FNDA:2,(anonymous_3)
FNDA:2,(anonymous_4)
FNDA:2,(anonymous_5)
DA:3,1
DA:7,2
DA:10,2
DA:16,2
DA:19,2
LF:5
LH:5
BRF:0
BRH:0
end_of_record
TN:
SF:C:\repos\workspace\designPatterns\src\behavioral\state.js
FN:2,(anonymous_0)
FN:5,(anonymous_1)
FN:12,(anonymous_2)
FN:15,(anonymous_3)
FN:21,(anonymous_4)
FN:27,(anonymous_5)
FNF:6
FNH:6
FNDA:4,(anonymous_0)
FNDA:2,(anonymous_1)
FNDA:1,(anonymous_2)
FNDA:1,(anonymous_3)
FNDA:1,(anonymous_4)
FNDA:1,(anonymous_5)
DA:3,4
DA:6,2
DA:7,1
DA:9,1
DA:13,1
DA:16,1
DA:22,1
DA:28,1
LF:8
LH:8
BRDA:6,0,0,1
BRDA:6,0,1,1
BRF:2
BRH:2
end_of_record
TN:
SF:C:\repos\workspace\designPatterns\src\behavioral\strategy.js
FN:6,(anonymous_0)
FN:9,(anonymous_1)
FN:17,(anonymous_2)
FN:24,(anonymous_3)
FN:31,(anonymous_4)
FNF:5
FNH:5
FNDA:3,(anonymous_0)
FNDA:3,(anonymous_1)
FNDA:1,(anonymous_2)
FNDA:1,(anonymous_3)
FNDA:1,(anonymous_4)
DA:1,1
DA:2,1
DA:7,3
DA:10,3
DA:18,1
DA:19,1
DA:25,1
DA:26,1
DA:32,1
DA:33,1
LF:10
LH:10
BRF:0
BRH:0
end_of_record
TN:
SF:C:\repos\workspace\designPatterns\src\creational\builder.js
FN:2,(anonymous_0)
FN:9,(anonymous_1)
FN:13,(anonymous_2)
FN:17,(anonymous_3)
FN:21,(anonymous_4)
FN:26,(anonymous_5)
FNF:6
FNH:6
FNDA:2,(anonymous_0)
FNDA:1,(anonymous_1)
FNDA:1,(anonymous_2)
FNDA:1,(anonymous_3)
FNDA:1,(anonymous_4)
FNDA:2,(anonymous_5)
DA:3,2
DA:4,2
DA:5,2
DA:6,2
DA:10,1
DA:11,1
DA:14,1
DA:15,1
DA:18,1
DA:19,1
DA:22,1
DA:23,1
DA:27,2
LF:13
LH:13
BRF:0
BRH:0
end_of_record
TN:
SF:C:\repos\workspace\designPatterns\src\creational\factory.js
FN:2,(anonymous_0)
FN:8,(anonymous_1)
FNF:2
FNH:2
FNDA:2,(anonymous_0)
FNDA:1,(anonymous_1)
DA:3,2
DA:5,2
DA:6,2
DA:7,2
DA:8,2
DA:9,1
DA:12,2
LF:7
LH:7
BRF:0
BRH:0
end_of_record
TN:
SF:C:\repos\workspace\designPatterns\src\creational\prototype.js
FN:1,(anonymous_0)
FN:7,(anonymous_1)
FNF:2
FNH:2
FNDA:1,(anonymous_0)
FNDA:1,(anonymous_1)
DA:1,1
DA:2,1
DA:3,1
DA:6,1
DA:8,1
LF:5
LH:5
BRF:0
BRH:0
end_of_record
TN:
SF:C:\repos\workspace\designPatterns\src\creational\singleton.js
FN:1,(anonymous_0)
FN:5,(anonymous_1)
FNF:2
FNH:2
FNDA:1,(anonymous_0)
FNDA:2,(anonymous_1)
DA:1,1
DA:2,1
DA:4,1
DA:6,2
DA:7,1
DA:8,2
LF:6
LH:6
BRDA:6,0,0,1
BRDA:6,0,1,1
BRF:2
BRH:2
end_of_record
TN:
SF:C:\repos\workspace\designPatterns\src\structural\composite.js
FN:2,(anonymous_0)
FN:5,(anonymous_1)
FN:6,(anonymous_2)
FN:11,(anonymous_3)
FN:14,(anonymous_4)
FN:15,(anonymous_5)
FN:20,(anonymous_6)
FN:23,(anonymous_7)
FNF:8
FNH:8
FNDA:1,(anonymous_0)
FNDA:1,(anonymous_1)
FNDA:2,(anonymous_2)
FNDA:2,(anonymous_3)
FNDA:2,(anonymous_4)
FNDA:6,(anonymous_5)
FNDA:6,(anonymous_6)
FNDA:6,(anonymous_7)
DA:3,1
DA:6,2
DA:12,2
DA:15,6
DA:21,6
DA:24,6
LF:6
LH:6
BRF:0
BRH:0
end_of_record
TN:
SF:C:\repos\workspace\designPatterns\src\structural\decorator.js
FN:2,(anonymous_0)
FN:5,(anonymous_1)
FN:13,(anonymous_2)
FN:16,(anonymous_3)
FN:19,(anonymous_4)
FN:22,(anonymous_5)
FNF:6
FNH:6
FNDA:1,(anonymous_0)
FNDA:1,(anonymous_1)
FNDA:3,(anonymous_2)
FNDA:1,(anonymous_3)
FNDA:1,(anonymous_4)
FNDA:1,(anonymous_5)
DA:3,1
DA:6,1
DA:14,3
DA:17,1
DA:20,1
DA:23,1
LF:6
LH:6
BRF:0
BRH:0
end_of_record
